<?xml version="1.0" encoding="UTF-8"?>
<!-- Generated by org.testng.reporters.JUnitReportReporter -->
<testsuite hostname="DESKTOP-RREPDNT" name="testcases.TC01_Login" tests="2" failures="0" timestamp="12 Oct 2016 05:32:50 GMT" time="24.582" errors="0">
  <testcase name="loginOpentaps" time="13.447" classname="testcases.TC01_Login"/>
  <testcase name="loginOpentaps" time="11.135" classname="testcases.TC01_Login"/>
</testsuite> <!-- testcases.TC01_Login -->
